TN:
SF:src/utils/pubkey_helpers.ts
FN:9,uncompressedPublicKeyHex
FN:23,derFromRS
FNF:2
FNH:2
FNDA:3,uncompressedPublicKeyHex
FNDA:1,derFromRS
DA:1,1
DA:2,1
DA:3,1
DA:4,1
DA:5,1
DA:6,1
DA:7,1
DA:8,1
DA:9,1
DA:10,3
DA:11,3
DA:12,3
DA:13,3
DA:14,3
DA:15,3
DA:16,1
DA:17,1
DA:18,1
DA:19,1
DA:20,1
DA:21,1
DA:22,1
DA:23,1
DA:24,1
DA:25,1
DA:26,1
DA:27,1
DA:28,1
DA:29,1
DA:30,1
DA:31,1
DA:32,1
DA:33,1
DA:34,1
DA:35,1
DA:36,1
DA:37,1
DA:38,1
DA:39,1
DA:40,1
DA:41,1
DA:42,1
DA:43,1
DA:44,1
DA:45,1
DA:46,1
LF:46
LH:46
BRDA:9,0,0,3
BRDA:11,1,0,1
BRDA:11,2,0,2
BRDA:12,3,0,2
BRDA:12,4,0,1
BRDA:23,5,0,1
BRDA:29,6,0,0
BRDA:30,7,0,0
BRF:8
BRH:6
end_of_record
