TN:
SF:src/utils/create_pem_pubkey.ts
FN:4,uncompressedPublicKeyHex
FN:12,derFromRS
FN:43,createPublicKeyPem
FNF:3
FNH:3
FNDA:6,uncompressedPublicKeyHex
FNDA:1,derFromRS
FNDA:1,createPublicKeyPem
DA:1,1
DA:2,1
DA:3,1
DA:4,1
DA:5,6
DA:6,6
DA:7,6
DA:8,6
DA:9,6
DA:10,6
DA:11,1
DA:12,1
DA:13,1
DA:14,1
DA:15,1
DA:16,1
DA:17,1
DA:18,1
DA:19,1
DA:20,1
DA:21,1
DA:22,1
DA:23,1
DA:24,1
DA:25,1
DA:26,1
DA:27,1
DA:28,1
DA:29,1
DA:30,1
DA:31,1
DA:32,1
DA:33,1
DA:34,1
DA:35,1
DA:36,1
DA:37,1
DA:38,1
DA:39,1
DA:40,1
DA:41,1
DA:42,1
DA:43,1
DA:44,1
DA:45,1
DA:46,1
DA:47,1
DA:48,1
DA:49,1
DA:50,1
DA:51,1
DA:52,1
DA:53,1
DA:54,1
DA:55,1
DA:56,1
DA:57,1
DA:58,1
DA:59,1
DA:60,1
DA:61,1
DA:62,1
LF:62
LH:62
BRDA:4,0,0,6
BRDA:6,1,0,1
BRDA:6,2,0,5
BRDA:7,3,0,3
BRDA:7,4,0,3
BRDA:12,5,0,1
BRDA:18,6,0,0
BRDA:19,7,0,0
BRDA:43,8,0,1
BRF:9
BRH:7
end_of_record
TN:
SF:src/utils/crypto_check_vector.ts
FN:9,verifyVector
FNF:1
FNH:1
FNDA:2,verifyVector
DA:1,1
DA:2,1
DA:3,1
DA:4,1
DA:5,1
DA:6,1
DA:7,1
DA:8,1
DA:9,1
DA:10,2
DA:11,2
DA:12,2
DA:13,2
DA:14,2
DA:15,2
DA:16,2
DA:17,2
DA:18,2
DA:19,2
DA:20,2
DA:21,2
DA:22,2
DA:23,2
DA:24,2
DA:25,2
DA:26,2
DA:27,2
DA:28,2
DA:29,2
DA:30,2
DA:31,2
DA:32,2
DA:33,2
DA:34,2
DA:35,2
DA:36,2
LF:36
LH:36
BRDA:9,0,0,2
BRF:1
BRH:1
end_of_record
